已經開始建置於 2017/6/21 下午 08:27:55。
     1>節點 2 (Build 目標) 上的專案 "F:\studying\成圖\final\final\final.vcxproj"。
     1>ClCompile:
         C:\Program Files (x86)\Microsoft Visual Studio 12.0\VC\bin\CL.exe /c /I../include /ZI /nologo /W3 /WX- /sdl /Od /Oy- /D WIN32 /D _DEBUG /D _CONSOLE /D _LIB /D _UNICODE /D UNICODE /Gm /EHsc /RTC1 /MDd /GS /fp:precise /Zc:wchar_t /Zc:forScope /Yu"stdafx.h" /Fp"Debug\final.pch" /Fo"Debug\\" /Fd"Debug\vc120.pdb" /Gd /TP /wd4996 /analyze- /errorReport:prompt final.cpp
         final.cpp
     1>f:\studying\成圖\final\final\final.cpp(59): warning C4305: '正在初始化' : 從 'double' 轉換為 'GLfloat'，是由較大的類型轉換為較小的類型，可能導致資料遺失
     1>f:\studying\成圖\final\final\final.cpp(60): warning C4305: '正在初始化' : 從 'double' 轉換為 'GLfloat'，是由較大的類型轉換為較小的類型，可能導致資料遺失
     1>f:\studying\成圖\final\final\final.cpp(61): warning C4305: '正在初始化' : 從 'double' 轉換為 'GLfloat'，是由較大的類型轉換為較小的類型，可能導致資料遺失
     1>f:\studying\成圖\final\final\final.cpp(63): warning C4305: '正在初始化' : 從 'double' 轉換為 'GLfloat'，是由較大的類型轉換為較小的類型，可能導致資料遺失
     1>f:\studying\成圖\final\final\final.cpp(120): warning C4244: '+=' : 將 'double' 轉換為 'float'，由於類型不同，可能導致資料遺失
     1>f:\studying\成圖\final\final\final.cpp(122): warning C4244: '+=' : 將 'double' 轉換為 'float'，由於類型不同，可能導致資料遺失
     1>f:\studying\成圖\final\final\final.cpp(128): warning C4244: '+=' : 將 'double' 轉換為 'float'，由於類型不同，可能導致資料遺失
     1>f:\studying\成圖\final\final\final.cpp(129): warning C4244: '-=' : 將 'double' 轉換為 'float'，由於類型不同，可能導致資料遺失
     1>f:\studying\成圖\final\final\final.cpp(133): warning C4244: '-=' : 將 'double' 轉換為 'float'，由於類型不同，可能導致資料遺失
     1>f:\studying\成圖\final\final\final.cpp(134): warning C4244: '-=' : 將 'double' 轉換為 'float'，由於類型不同，可能導致資料遺失
     1>f:\studying\成圖\final\final\final.cpp(140): warning C4244: '-=' : 將 'double' 轉換為 'float'，由於類型不同，可能導致資料遺失
     1>f:\studying\成圖\final\final\final.cpp(141): warning C4244: '+=' : 將 'double' 轉換為 'float'，由於類型不同，可能導致資料遺失
     1>f:\studying\成圖\final\final\final.cpp(221): warning C4244: '=' : 將 'double' 轉換為 'float'，由於類型不同，可能導致資料遺失
     1>f:\studying\成圖\final\final\final.cpp(228): warning C4244: '=' : 將 'int' 轉換為 'float'，由於類型不同，可能導致資料遺失
     1>f:\studying\成圖\final\final\final.cpp(229): warning C4244: '=' : 將 'int' 轉換為 'float'，由於類型不同，可能導致資料遺失
     1>f:\studying\成圖\final\final\final.cpp(230): warning C4244: '引數' : 將 'double' 轉換為 'GLint'，由於類型不同，可能導致資料遺失
     1>f:\studying\成圖\final\final\final.cpp(437): warning C4305: '=' : 從 'double' 轉換為 'float'，是由較大的類型轉換為較小的類型，可能導致資料遺失
     1>f:\studying\成圖\final\final\final.cpp(439): warning C4305: '=' : 從 'double' 轉換為 'float'，是由較大的類型轉換為較小的類型，可能導致資料遺失
     1>f:\studying\成圖\final\final\final.cpp(441): warning C4305: '=' : 從 'double' 轉換為 'float'，是由較大的類型轉換為較小的類型，可能導致資料遺失
     1>f:\studying\成圖\final\final\final.cpp(445): warning C4305: '=' : 從 'double' 轉換為 'float'，是由較大的類型轉換為較小的類型，可能導致資料遺失
     1>f:\studying\成圖\final\final\final.cpp(449): warning C4305: '=' : 從 'double' 轉換為 'float'，是由較大的類型轉換為較小的類型，可能導致資料遺失
     1>f:\studying\成圖\final\final\final.cpp(453): warning C4305: '=' : 從 'double' 轉換為 'float'，是由較大的類型轉換為較小的類型，可能導致資料遺失
     1>f:\studying\成圖\final\final\final.cpp(455): warning C4305: '=' : 從 'double' 轉換為 'float'，是由較大的類型轉換為較小的類型，可能導致資料遺失
     1>f:\studying\成圖\final\final\final.cpp(458): warning C4305: '=' : 從 'double' 轉換為 'float'，是由較大的類型轉換為較小的類型，可能導致資料遺失
     1>f:\studying\成圖\final\final\final.cpp(460): warning C4305: '=' : 從 'double' 轉換為 'float'，是由較大的類型轉換為較小的類型，可能導致資料遺失
     1>f:\studying\成圖\final\final\final.cpp(464): warning C4305: '=' : 從 'double' 轉換為 'float'，是由較大的類型轉換為較小的類型，可能導致資料遺失
     1>f:\studying\成圖\final\final\final.cpp(466): warning C4305: '=' : 從 'double' 轉換為 'float'，是由較大的類型轉換為較小的類型，可能導致資料遺失
     1>f:\studying\成圖\final\final\final.cpp(468): warning C4305: '=' : 從 'double' 轉換為 'float'，是由較大的類型轉換為較小的類型，可能導致資料遺失
     1>f:\studying\成圖\final\final\final.cpp(471): warning C4305: '=' : 從 'double' 轉換為 'float'，是由較大的類型轉換為較小的類型，可能導致資料遺失
     1>f:\studying\成圖\final\final\final.cpp(473): warning C4305: '=' : 從 'double' 轉換為 'float'，是由較大的類型轉換為較小的類型，可能導致資料遺失
     1>f:\studying\成圖\final\final\final.cpp(475): warning C4305: '=' : 從 'double' 轉換為 'float'，是由較大的類型轉換為較小的類型，可能導致資料遺失
     1>f:\studying\成圖\final\final\final.cpp(478): warning C4305: '=' : 從 'double' 轉換為 'float'，是由較大的類型轉換為較小的類型，可能導致資料遺失
     1>f:\studying\成圖\final\final\final.cpp(480): warning C4305: '=' : 從 'double' 轉換為 'float'，是由較大的類型轉換為較小的類型，可能導致資料遺失
     1>f:\studying\成圖\final\final\final.cpp(482): warning C4305: '=' : 從 'double' 轉換為 'float'，是由較大的類型轉換為較小的類型，可能導致資料遺失
     1>f:\studying\成圖\final\final\final.cpp(485): warning C4305: '=' : 從 'double' 轉換為 'float'，是由較大的類型轉換為較小的類型，可能導致資料遺失
     1>f:\studying\成圖\final\final\final.cpp(487): warning C4305: '=' : 從 'double' 轉換為 'float'，是由較大的類型轉換為較小的類型，可能導致資料遺失
     1>f:\studying\成圖\final\final\final.cpp(489): warning C4305: '=' : 從 'double' 轉換為 'float'，是由較大的類型轉換為較小的類型，可能導致資料遺失
     1>f:\studying\成圖\final\final\final.cpp(492): warning C4305: '=' : 從 'double' 轉換為 'float'，是由較大的類型轉換為較小的類型，可能導致資料遺失
     1>f:\studying\成圖\final\final\final.cpp(494): warning C4305: '=' : 從 'double' 轉換為 'float'，是由較大的類型轉換為較小的類型，可能導致資料遺失
     1>f:\studying\成圖\final\final\final.cpp(496): warning C4305: '=' : 從 'double' 轉換為 'float'，是由較大的類型轉換為較小的類型，可能導致資料遺失
     1>f:\studying\成圖\final\final\final.cpp(500): warning C4305: '=' : 從 'double' 轉換為 'float'，是由較大的類型轉換為較小的類型，可能導致資料遺失
     1>f:\studying\成圖\final\final\final.cpp(504): warning C4305: '=' : 從 'double' 轉換為 'float'，是由較大的類型轉換為較小的類型，可能導致資料遺失
     1>f:\studying\成圖\final\final\final.cpp(508): warning C4305: '=' : 從 'double' 轉換為 'float'，是由較大的類型轉換為較小的類型，可能導致資料遺失
     1>f:\studying\成圖\final\final\final.cpp(510): warning C4305: '=' : 從 'double' 轉換為 'float'，是由較大的類型轉換為較小的類型，可能導致資料遺失
     1>f:\studying\成圖\final\final\final.cpp(512): warning C4305: '=' : 從 'double' 轉換為 'float'，是由較大的類型轉換為較小的類型，可能導致資料遺失
     1>f:\studying\成圖\final\final\final.cpp(515): warning C4305: '=' : 從 'double' 轉換為 'float'，是由較大的類型轉換為較小的類型，可能導致資料遺失
     1>f:\studying\成圖\final\final\final.cpp(517): warning C4305: '=' : 從 'double' 轉換為 'float'，是由較大的類型轉換為較小的類型，可能導致資料遺失
     1>f:\studying\成圖\final\final\final.cpp(519): warning C4305: '=' : 從 'double' 轉換為 'float'，是由較大的類型轉換為較小的類型，可能導致資料遺失
     1>f:\studying\成圖\final\final\final.cpp(522): warning C4305: '=' : 從 'double' 轉換為 'float'，是由較大的類型轉換為較小的類型，可能導致資料遺失
     1>f:\studying\成圖\final\final\final.cpp(524): warning C4305: '=' : 從 'double' 轉換為 'float'，是由較大的類型轉換為較小的類型，可能導致資料遺失
     1>f:\studying\成圖\final\final\final.cpp(526): warning C4305: '=' : 從 'double' 轉換為 'float'，是由較大的類型轉換為較小的類型，可能導致資料遺失
     1>f:\studying\成圖\final\final\final.cpp(530): warning C4305: '=' : 從 'double' 轉換為 'float'，是由較大的類型轉換為較小的類型，可能導致資料遺失
     1>f:\studying\成圖\final\final\final.cpp(534): warning C4305: '=' : 從 'double' 轉換為 'float'，是由較大的類型轉換為較小的類型，可能導致資料遺失
     1>f:\studying\成圖\final\final\final.cpp(538): warning C4305: '=' : 從 'double' 轉換為 'float'，是由較大的類型轉換為較小的類型，可能導致資料遺失
     1>f:\studying\成圖\final\final\final.cpp(540): warning C4305: '=' : 從 'double' 轉換為 'float'，是由較大的類型轉換為較小的類型，可能導致資料遺失
     1>f:\studying\成圖\final\final\final.cpp(542): warning C4305: '=' : 從 'double' 轉換為 'float'，是由較大的類型轉換為較小的類型，可能導致資料遺失
     1>f:\studying\成圖\final\final\final.cpp(545): warning C4305: '=' : 從 'double' 轉換為 'float'，是由較大的類型轉換為較小的類型，可能導致資料遺失
     1>f:\studying\成圖\final\final\final.cpp(547): warning C4305: '=' : 從 'double' 轉換為 'float'，是由較大的類型轉換為較小的類型，可能導致資料遺失
     1>f:\studying\成圖\final\final\final.cpp(553): warning C4305: '=' : 從 'double' 轉換為 'float'，是由較大的類型轉換為較小的類型，可能導致資料遺失
     1>f:\studying\成圖\final\final\final.cpp(557): warning C4305: '=' : 從 'double' 轉換為 'float'，是由較大的類型轉換為較小的類型，可能導致資料遺失
     1>f:\studying\成圖\final\final\final.cpp(561): warning C4305: '=' : 從 'double' 轉換為 'float'，是由較大的類型轉換為較小的類型，可能導致資料遺失
     1>f:\studying\成圖\final\final\final.cpp(563): warning C4305: '=' : 從 'double' 轉換為 'float'，是由較大的類型轉換為較小的類型，可能導致資料遺失
     1>f:\studying\成圖\final\final\final.cpp(565): warning C4305: '=' : 從 'double' 轉換為 'float'，是由較大的類型轉換為較小的類型，可能導致資料遺失
     1>f:\studying\成圖\final\final\final.cpp(568): warning C4305: '=' : 從 'double' 轉換為 'float'，是由較大的類型轉換為較小的類型，可能導致資料遺失
     1>f:\studying\成圖\final\final\final.cpp(570): warning C4305: '=' : 從 'double' 轉換為 'float'，是由較大的類型轉換為較小的類型，可能導致資料遺失
     1>f:\studying\成圖\final\final\final.cpp(572): warning C4305: '=' : 從 'double' 轉換為 'float'，是由較大的類型轉換為較小的類型，可能導致資料遺失
     1>f:\studying\成圖\final\final\final.cpp(575): warning C4305: '=' : 從 'double' 轉換為 'float'，是由較大的類型轉換為較小的類型，可能導致資料遺失
     1>f:\studying\成圖\final\final\final.cpp(577): warning C4305: '=' : 從 'double' 轉換為 'float'，是由較大的類型轉換為較小的類型，可能導致資料遺失
     1>f:\studying\成圖\final\final\final.cpp(579): warning C4305: '=' : 從 'double' 轉換為 'float'，是由較大的類型轉換為較小的類型，可能導致資料遺失
     1>f:\studying\成圖\final\final\final.cpp(582): warning C4305: '=' : 從 'double' 轉換為 'float'，是由較大的類型轉換為較小的類型，可能導致資料遺失
     1>f:\studying\成圖\final\final\final.cpp(584): warning C4305: '=' : 從 'double' 轉換為 'float'，是由較大的類型轉換為較小的類型，可能導致資料遺失
     1>f:\studying\成圖\final\final\final.cpp(586): warning C4305: '=' : 從 'double' 轉換為 'float'，是由較大的類型轉換為較小的類型，可能導致資料遺失
     1>f:\studying\成圖\final\final\final.cpp(589): warning C4305: '=' : 從 'double' 轉換為 'float'，是由較大的類型轉換為較小的類型，可能導致資料遺失
     1>f:\studying\成圖\final\final\final.cpp(591): warning C4305: '=' : 從 'double' 轉換為 'float'，是由較大的類型轉換為較小的類型，可能導致資料遺失
     1>f:\studying\成圖\final\final\final.cpp(593): warning C4305: '=' : 從 'double' 轉換為 'float'，是由較大的類型轉換為較小的類型，可能導致資料遺失
     1>f:\studying\成圖\final\final\final.cpp(596): warning C4305: '=' : 從 'double' 轉換為 'float'，是由較大的類型轉換為較小的類型，可能導致資料遺失
     1>f:\studying\成圖\final\final\final.cpp(598): warning C4305: '=' : 從 'double' 轉換為 'float'，是由較大的類型轉換為較小的類型，可能導致資料遺失
     1>f:\studying\成圖\final\final\final.cpp(600): warning C4305: '=' : 從 'double' 轉換為 'float'，是由較大的類型轉換為較小的類型，可能導致資料遺失
     1>f:\studying\成圖\final\final\final.cpp(603): warning C4305: '=' : 從 'double' 轉換為 'float'，是由較大的類型轉換為較小的類型，可能導致資料遺失
     1>f:\studying\成圖\final\final\final.cpp(605): warning C4305: '=' : 從 'double' 轉換為 'float'，是由較大的類型轉換為較小的類型，可能導致資料遺失
     1>f:\studying\成圖\final\final\final.cpp(609): warning C4305: '=' : 從 'double' 轉換為 'float'，是由較大的類型轉換為較小的類型，可能導致資料遺失
     1>f:\studying\成圖\final\final\final.cpp(613): warning C4305: '=' : 從 'double' 轉換為 'float'，是由較大的類型轉換為較小的類型，可能導致資料遺失
     1>f:\studying\成圖\final\final\final.cpp(617): warning C4305: '=' : 從 'double' 轉換為 'float'，是由較大的類型轉換為較小的類型，可能導致資料遺失
     1>f:\studying\成圖\final\final\final.cpp(619): warning C4305: '=' : 從 'double' 轉換為 'float'，是由較大的類型轉換為較小的類型，可能導致資料遺失
     1>f:\studying\成圖\final\final\final.cpp(623): warning C4305: '=' : 從 'double' 轉換為 'float'，是由較大的類型轉換為較小的類型，可能導致資料遺失
     1>f:\studying\成圖\final\final\final.cpp(627): warning C4305: '=' : 從 'double' 轉換為 'float'，是由較大的類型轉換為較小的類型，可能導致資料遺失
     1>f:\studying\成圖\final\final\final.cpp(631): warning C4305: '=' : 從 'double' 轉換為 'float'，是由較大的類型轉換為較小的類型，可能導致資料遺失
     1>f:\studying\成圖\final\final\final.cpp(633): warning C4305: '=' : 從 'double' 轉換為 'float'，是由較大的類型轉換為較小的類型，可能導致資料遺失
     1>f:\studying\成圖\final\final\final.cpp(635): warning C4305: '=' : 從 'double' 轉換為 'float'，是由較大的類型轉換為較小的類型，可能導致資料遺失
     1>f:\studying\成圖\final\final\final.cpp(638): warning C4305: '=' : 從 'double' 轉換為 'float'，是由較大的類型轉換為較小的類型，可能導致資料遺失
     1>f:\studying\成圖\final\final\final.cpp(640): warning C4305: '=' : 從 'double' 轉換為 'float'，是由較大的類型轉換為較小的類型，可能導致資料遺失
     1>f:\studying\成圖\final\final\final.cpp(642): warning C4305: '=' : 從 'double' 轉換為 'float'，是由較大的類型轉換為較小的類型，可能導致資料遺失
     1>f:\studying\成圖\final\final\final.cpp(646): warning C4305: '=' : 從 'double' 轉換為 'float'，是由較大的類型轉換為較小的類型，可能導致資料遺失
     1>f:\studying\成圖\final\final\final.cpp(650): warning C4305: '=' : 從 'double' 轉換為 'float'，是由較大的類型轉換為較小的類型，可能導致資料遺失
     1>f:\studying\成圖\final\final\final.cpp(654): warning C4305: '=' : 從 'double' 轉換為 'float'，是由較大的類型轉換為較小的類型，可能導致資料遺失
     1>f:\studying\成圖\final\final\final.cpp(656): warning C4305: '=' : 從 'double' 轉換為 'float'，是由較大的類型轉換為較小的類型，可能導致資料遺失
     1>f:\studying\成圖\final\final\final.cpp(658): warning C4305: '=' : 從 'double' 轉換為 'float'，是由較大的類型轉換為較小的類型，可能導致資料遺失
     1>f:\studying\成圖\final\final\final.cpp(660): warning C4305: '=' : 從 'double' 轉換為 'float'，是由較大的類型轉換為較小的類型，可能導致資料遺失
     1>f:\studying\成圖\final\final\final.cpp(664): warning C4305: '=' : 從 'double' 轉換為 'float'，是由較大的類型轉換為較小的類型，可能導致資料遺失
     1>f:\studying\成圖\final\final\final.cpp(668): warning C4305: '=' : 從 'double' 轉換為 'float'，是由較大的類型轉換為較小的類型，可能導致資料遺失
     1>f:\studying\成圖\final\final\final.cpp(672): warning C4305: '=' : 從 'double' 轉換為 'float'，是由較大的類型轉換為較小的類型，可能導致資料遺失
     1>f:\studying\成圖\final\final\final.cpp(674): warning C4305: '=' : 從 'double' 轉換為 'float'，是由較大的類型轉換為較小的類型，可能導致資料遺失
     1>f:\studying\成圖\final\final\final.cpp(676): warning C4305: '=' : 從 'double' 轉換為 'float'，是由較大的類型轉換為較小的類型，可能導致資料遺失
     1>f:\studying\成圖\final\final\final.cpp(679): warning C4305: '=' : 從 'double' 轉換為 'float'，是由較大的類型轉換為較小的類型，可能導致資料遺失
     1>f:\studying\成圖\final\final\final.cpp(681): warning C4305: '=' : 從 'double' 轉換為 'float'，是由較大的類型轉換為較小的類型，可能導致資料遺失
     1>f:\studying\成圖\final\final\final.cpp(683): warning C4305: '=' : 從 'double' 轉換為 'float'，是由較大的類型轉換為較小的類型，可能導致資料遺失
     1>f:\studying\成圖\final\final\final.cpp(696): warning C4305: '引數' : 從 'double' 轉換為 'GLfloat'，是由較大的類型轉換為較小的類型，可能導致資料遺失
     1>f:\studying\成圖\final\final\final.cpp(913): warning C4305: '引數' : 從 'double' 轉換為 'GLfloat'，是由較大的類型轉換為較小的類型，可能導致資料遺失
     1>f:\studying\成圖\final\final\final.cpp(918): warning C4305: '引數' : 從 'double' 轉換為 'GLfloat'，是由較大的類型轉換為較小的類型，可能導致資料遺失
     1>f:\studying\成圖\final\final\final.cpp(919): warning C4305: '引數' : 從 'double' 轉換為 'GLfloat'，是由較大的類型轉換為較小的類型，可能導致資料遺失
     1>f:\studying\成圖\final\final\final.cpp(920): warning C4305: '引數' : 從 'double' 轉換為 'GLfloat'，是由較大的類型轉換為較小的類型，可能導致資料遺失
     1>f:\studying\成圖\final\final\final.cpp(921): warning C4305: '引數' : 從 'double' 轉換為 'GLfloat'，是由較大的類型轉換為較小的類型，可能導致資料遺失
     1>f:\studying\成圖\final\final\final.cpp(927): warning C4305: '引數' : 從 'double' 轉換為 'GLfloat'，是由較大的類型轉換為較小的類型，可能導致資料遺失
     1>f:\studying\成圖\final\final\final.cpp(928): warning C4305: '引數' : 從 'double' 轉換為 'GLfloat'，是由較大的類型轉換為較小的類型，可能導致資料遺失
     1>f:\studying\成圖\final\final\final.cpp(929): warning C4305: '引數' : 從 'double' 轉換為 'GLfloat'，是由較大的類型轉換為較小的類型，可能導致資料遺失
     1>f:\studying\成圖\final\final\final.cpp(930): warning C4305: '引數' : 從 'double' 轉換為 'GLfloat'，是由較大的類型轉換為較小的類型，可能導致資料遺失
     1>f:\studying\成圖\final\final\final.cpp(936): warning C4305: '引數' : 從 'double' 轉換為 'GLfloat'，是由較大的類型轉換為較小的類型，可能導致資料遺失
     1>f:\studying\成圖\final\final\final.cpp(937): warning C4305: '引數' : 從 'double' 轉換為 'GLfloat'，是由較大的類型轉換為較小的類型，可能導致資料遺失
     1>f:\studying\成圖\final\final\final.cpp(938): warning C4305: '引數' : 從 'double' 轉換為 'GLfloat'，是由較大的類型轉換為較小的類型，可能導致資料遺失
     1>f:\studying\成圖\final\final\final.cpp(939): warning C4305: '引數' : 從 'double' 轉換為 'GLfloat'，是由較大的類型轉換為較小的類型，可能導致資料遺失
     1>f:\studying\成圖\final\final\final.cpp(945): warning C4305: '引數' : 從 'double' 轉換為 'GLfloat'，是由較大的類型轉換為較小的類型，可能導致資料遺失
     1>f:\studying\成圖\final\final\final.cpp(946): warning C4305: '引數' : 從 'double' 轉換為 'GLfloat'，是由較大的類型轉換為較小的類型，可能導致資料遺失
     1>f:\studying\成圖\final\final\final.cpp(947): warning C4305: '引數' : 從 'double' 轉換為 'GLfloat'，是由較大的類型轉換為較小的類型，可能導致資料遺失
     1>f:\studying\成圖\final\final\final.cpp(948): warning C4305: '引數' : 從 'double' 轉換為 'GLfloat'，是由較大的類型轉換為較小的類型，可能導致資料遺失
     1>f:\studying\成圖\final\final\final.cpp(954): warning C4305: '引數' : 從 'double' 轉換為 'GLfloat'，是由較大的類型轉換為較小的類型，可能導致資料遺失
     1>f:\studying\成圖\final\final\final.cpp(955): warning C4305: '引數' : 從 'double' 轉換為 'GLfloat'，是由較大的類型轉換為較小的類型，可能導致資料遺失
     1>f:\studying\成圖\final\final\final.cpp(956): warning C4305: '引數' : 從 'double' 轉換為 'GLfloat'，是由較大的類型轉換為較小的類型，可能導致資料遺失
     1>f:\studying\成圖\final\final\final.cpp(957): warning C4305: '引數' : 從 'double' 轉換為 'GLfloat'，是由較大的類型轉換為較小的類型，可能導致資料遺失
     1>f:\studying\成圖\final\final\final.cpp(1076): warning C4305: '引數' : 從 'double' 轉換為 'GLfloat'，是由較大的類型轉換為較小的類型，可能導致資料遺失
       Link:
         C:\Program Files (x86)\Microsoft Visual Studio 12.0\VC\bin\link.exe /ERRORREPORT:PROMPT /OUT:"F:\studying\成圖\final\Debug\final.exe" /INCREMENTAL /NOLOGO /LIBPATH:../lib freeglut.lib glew32.lib glew32s.lib kernel32.lib user32.lib gdi32.lib winspool.lib comdlg32.lib advapi32.lib shell32.lib ole32.lib oleaut32.lib uuid.lib odbc32.lib odbccp32.lib /MANIFEST /MANIFESTUAC:"level='asInvoker' uiAccess='false'" /manifest:embed /DEBUG /PDB:"F:\studying\成圖\final\Debug\final.pdb" /SUBSYSTEM:CONSOLE /TLBID:1 /DYNAMICBASE /NXCOMPAT /IMPLIB:"F:\studying\成圖\final\Debug\final.lib" /MACHINE:X86 Debug\final.obj
         Debug\stdafx.obj
         final.vcxproj -> F:\studying\成圖\final\Debug\final.exe
     1>專案 "F:\studying\成圖\final\final\final.vcxproj" (Build 目標) 建置完成。

建置成功。

經過時間 00:00:04.10
